#-----------------------------------------------------------
# Vivado v2020.1 (64-bit)
# SW Build 2902540 on Wed May 27 19:54:49 MDT 2020
# IP Build 2902112 on Wed May 27 22:43:36 MDT 2020
# Start of session at: Thu Oct 29 18:36:44 2020
# Process ID: 6556
# Current directory: C:/Users/Eastonco/Documents/EE214/assignment7.2
# Command line: vivado.exe -gui_launcher_event rodinguilauncherevent5684 C:\Users\Eastonco\Documents\EE214\assignment7.2\assignment6.2.xpr
# Log file: C:/Users/Eastonco/Documents/EE214/assignment7.2/vivado.log
# Journal file: C:/Users/Eastonco/Documents/EE214/assignment7.2\vivado.jou
#-----------------------------------------------------------
start_guioopen_project C:/Users/Eastonco/Documents/EE214/assignment7.2/assignment6.2.xprIINFO: [Project 1-313] Project file moved from 'C:/Users/Eastonco/Documents/EE214/assignment6.2' since last save.SScanning sources...Finished scanning sources
INFO: [IP_Flow 19-234] Refreshing IP repositories
INFO: [IP_Flow 19-1704] No user IP repositories specified
INFO: [IP_Flow 19-2313] Loaded Vivado IP repository 'C:/Xilinx/Vivado/2020.1/data/ip'.
oopen_project: Time (s): cpu = 00:00:17 ; elapsed = 00:00:20 . Memory (MB): peak = 1267.340 ; gain = 0.000uupdate_compile_order -fileset sources_1efile mkdir C:/Users/Eastonco/Documents/EE214/assignment7.2/assignment6.2.srcs/sim_1/new
set_property SOURCE_SET sources_1 [get_filesets sim_1]
close [ open C:/Users/Eastonco/Documents/EE214/assignment7.2/assignment6.2.srcs/sim_1/new/NorSim.v w ]
add_files -fileset sim_1 C:/Users/Eastonco/Documents/EE214/assignment7.2/assignment6.2.srcs/sim_1/new/NorSim.v
update_compile_order -fileset sim_1
launch_simulation
Command: launch_simulation 
INFO: [Vivado 12-5682] Launching behavioral simulation in 'C:/Users/Eastonco/Documents/EE214/assignment7.2/assignment6.2.sim/sim_1/behav/xsim'
INFO: [SIM-utils-51] Simulation object is 'sim_1'
INFO: [SIM-utils-54] Inspecting design source files for 'NOR' in fileset 'sim_1'...
INFO: [USF-XSim-97] Finding global include files...
INFO: [USF-XSim-98] Fetching design files from 'sim_1'...
INFO: [USF-XSim-2] XSim::Compile design
INFO: [USF-XSim-61] Executing 'COMPILE and ANALYZE' step in 'C:/Users/Eastonco/Documents/EE214/assignment7.2/assignment6.2.sim/sim_1/behav/xsim'
"xvlog --incr --relax -prj NOR_vlog.prj"
INFO: [VRFC 10-2263] Analyzing Verilog file "C:/Users/Eastonco/Documents/EE214/assignment7.2/assignment6.2.srcs/sources_1/new/NOR.v" into library xil_defaultlib
INFO: [VRFC 10-311] analyzing module NOR
INFO: [VRFC 10-2263] Analyzing Verilog file "C:/Users/Eastonco/Documents/EE214/assignment7.2/assignment6.2.sim/sim_1/behav/xsim/glbl.v" into library xil_defaultlib
INFO: [VRFC 10-311] analyzing module glbl
INFO: [USF-XSim-69] 'compile' step finished in '3' seconds
INFO: [USF-XSim-3] XSim::Elaborate design
INFO: [USF-XSim-61] Executing 'ELABORATE' step in 'C:/Users/Eastonco/Documents/EE214/assignment7.2/assignment6.2.sim/sim_1/behav/xsim'
"xelab -wto d24324fc87a449969f3b58b16b3c9ac4 --incr --debug typical --relax --mt 2 -L xil_defaultlib -L unisims_ver -L unimacro_ver -L secureip --snapshot NOR_behav xil_defaultlib.NOR xil_defaultlib.glbl -log elaborate.log"
Vivado Simulator 2020.1
Copyright 1986-1999, 2001-2020 Xilinx, Inc. All Rights Reserved.
Running: C:/Xilinx/Vivado/2020.1/bin/unwrapped/win64.o/xelab.exe -wto d24324fc87a449969f3b58b16b3c9ac4 --incr --debug typical --relax --mt 2 -L xil_defaultlib -L unisims_ver -L unimacro_ver -L secureip --snapshot NOR_behav xil_defaultlib.NOR xil_defaultlib.glbl -log elaborate.log 
Using 2 slave threads.
Starting static elaboration
Pass Through NonSizing Optimizer
Completed static elaboration
Starting simulation data flow analysis
Completed simulation data flow analysis
Time Resolution for simulation is 1ps
Compiling module xil_defaultlib.NOR
Compiling module xil_defaultlib.glbl
Built simulation snapshot NOR_behav

****** Webtalk v2020.1 (64-bit)
  **** SW Build 2902540 on Wed May 27 19:54:49 MDT 2020
  **** IP Build 2902112 on Wed May 27 22:43:36 MDT 2020
    ** Copyright 1986-2020 Xilinx, Inc. All Rights Reserved.

source C:/Users/Eastonco/Documents/EE214/assignment7.2/assignment6.2.sim/sim_1/behav/xsim/xsim.dir/NOR_behav/webtalk/xsim_webtalk.tcl -notrace
INFO: [Common 17-186] 'C:/Users/Eastonco/Documents/EE214/assignment7.2/assignment6.2.sim/sim_1/behav/xsim/xsim.dir/NOR_behav/webtalk/usage_statistics_ext_xsim.xml' has been successfully sent to Xilinx on Thu Oct 29 19:01:12 2020. For additional details about this file, please refer to the WebTalk help file at C:/Xilinx/Vivado/2020.1/doc/webtalk_introduction.html.
webtalk_transmit: Time (s): cpu = 00:00:00 ; elapsed = 00:00:09 . Memory (MB): peak = 113.656 ; gain = 23.586
INFO: [Common 17-206] Exiting Webtalk at Thu Oct 29 19:01:12 2020...
run_program: Time (s): cpu = 00:00:03 ; elapsed = 00:00:16 . Memory (MB): peak = 1267.340 ; gain = 0.000
INFO: [USF-XSim-69] 'elaborate' step finished in '17' seconds
INFO: [USF-XSim-4] XSim::Simulate design
INFO: [USF-XSim-61] Executing 'SIMULATE' step in 'C:/Users/Eastonco/Documents/EE214/assignment7.2/assignment6.2.sim/sim_1/behav/xsim'
INFO: [USF-XSim-98] *** Running xsim
   with args "NOR_behav -key {Behavioral:sim_1:Functional:NOR} -tclbatch {NOR.tcl} -log {simulate.log}"
INFO: [USF-XSim-8] Loading simulator feature
Vivado Simulator 2020.1
Time resolution is 1 ps
source NOR.tcl
# set curr_wave [current_wave_config]
# if { [string length $curr_wave] == 0 } {
#   if { [llength [get_objects]] > 0} {
#     add_wave /
#     set_property needs_save false [current_wave_config]
#   } else {
#      send_msg_id Add_Wave-1 WARNING "No top level signals found. Simulator will start without a wave window. If you want to open a wave window go to 'File->New Waveform Configuration' or type 'create_wave_config' in the TCL console."
#   }
# }
# run 1000ns
xsim: Time (s): cpu = 00:00:09 ; elapsed = 00:00:07 . Memory (MB): peak = 1267.340 ; gain = 0.000
INFO: [USF-XSim-96] XSim completed. Design snapshot 'NOR_behav' loaded.
INFO: [USF-XSim-97] XSim simulation ran for 1000ns
launch_simulation: Time (s): cpu = 00:00:15 ; elapsed = 00:00:29 . Memory (MB): peak = 1267.340 ; gain = 0.000
update_compile_order -fileset sim_1
launch_simulation
Command: launch_simulation 
boost::filesystem::remove: The process cannot access the file because it is being used by another process: "C:/Users/Eastonco/Documents/EE214/assignment7.2/assignment6.2.sim/sim_1/behav/xsim/simulate.log"
launch_simulation
Command: launch_simulation 
boost::filesystem::remove: The process cannot access the file because it is being used by another process: "C:/Users/Eastonco/Documents/EE214/assignment7.2/assignment6.2.sim/sim_1/behav/xsim/simulate.log"
add_bp {C:/Users/Eastonco/Documents/EE214/assignment7.2/assignment6.2.srcs/sources_1/new/NOR.v} 31
remove_bps -file {C:/Users/Eastonco/Documents/EE214/assignment7.2/assignment6.2.srcs/sources_1/new/NOR.v} -line 31
stop
launch_simulation
Command: launch_simulation 
boost::filesystem::remove: The process cannot access the file because it is being used by another process: "C:/Users/Eastonco/Documents/EE214/assignment7.2/assignment6.2.sim/sim_1/behav/xsim/simulate.log"
quit
INFO: [Common 17-206] Exiting Vivado at Thu Oct 29 19:03:15 2020...
