#-----------------------------------------------------------
# Vivado v2020.1 (64-bit)
# SW Build 2902540 on Wed May 27 19:54:49 MDT 2020
# IP Build 2902112 on Wed May 27 22:43:36 MDT 2020
# Start of session at: Thu Oct 29 19:09:20 2020
# Process ID: 5452
# Current directory: C:/Users/Eastonco/Documents/EE214/assignment7.2
# Command line: vivado.exe -gui_launcher_event rodinguilauncherevent4548 C:\Users\Eastonco\Documents\EE214\assignment7.2\assignment6.2.xpr
# Log file: C:/Users/Eastonco/Documents/EE214/assignment7.2/vivado.log
# Journal file: C:/Users/Eastonco/Documents/EE214/assignment7.2\vivado.jou
#-----------------------------------------------------------
start_gui
open_project C:/Users/Eastonco/Documents/EE214/assignment7.2/assignment6.2.xpr
Scanning sources...
Finished scanning sources
INFO: [IP_Flow 19-234] Refreshing IP repositories
INFO: [IP_Flow 19-1704] No user IP repositories specified
INFO: [IP_Flow 19-2313] Loaded Vivado IP repository 'C:/Xilinx/Vivado/2020.1/data/ip'.
open_project: Time (s): cpu = 00:00:13 ; elapsed = 00:00:09 . Memory (MB): peak = 1203.629 ; gain = 0.000
update_compile_order -fileset sources_1
launch_simulation
Command: launch_simulation 
INFO: [Vivado 12-5682] Launching behavioral simulation in 'C:/Users/Eastonco/Documents/EE214/assignment7.2/assignment6.2.sim/sim_1/behav/xsim'
INFO: [SIM-utils-51] Simulation object is 'sim_1'
INFO: [SIM-utils-54] Inspecting design source files for 'NorSim' in fileset 'sim_1'...
INFO: [USF-XSim-97] Finding global include files...
INFO: [USF-XSim-98] Fetching design files from 'sim_1'...
INFO: [USF-XSim-2] XSim::Compile design
INFO: [USF-XSim-61] Executing 'COMPILE and ANALYZE' step in 'C:/Users/Eastonco/Documents/EE214/assignment7.2/assignment6.2.sim/sim_1/behav/xsim'
"xvlog --incr --relax -prj NorSim_vlog.prj"
INFO: [VRFC 10-2263] Analyzing Verilog file "C:/Users/Eastonco/Documents/EE214/assignment7.2/assignment6.2.srcs/sources_1/new/NOR.v" into library xil_defaultlib
INFO: [VRFC 10-311] analyzing module NOR
INFO: [VRFC 10-2263] Analyzing Verilog file "C:/Users/Eastonco/Documents/EE214/assignment7.2/assignment6.2.srcs/sim_1/new/NorSim.v" into library xil_defaultlib
INFO: [VRFC 10-311] analyzing module NorSim
INFO: [USF-XSim-69] 'compile' step finished in '3' seconds
INFO: [USF-XSim-3] XSim::Elaborate design
INFO: [USF-XSim-61] Executing 'ELABORATE' step in 'C:/Users/Eastonco/Documents/EE214/assignment7.2/assignment6.2.sim/sim_1/behav/xsim'
"xelab -wto d24324fc87a449969f3b58b16b3c9ac4 --incr --debug typical --relax --mt 2 -L xil_defaultlib -L unisims_ver -L unimacro_ver -L secureip --snapshot NorSim_behav xil_defaultlib.NorSim xil_defaultlib.glbl -log elaborate.log"
Vivado Simulator 2020.1
Copyright 1986-1999, 2001-2020 Xilinx, Inc. All Rights Reserved.
Running: C:/Xilinx/Vivado/2020.1/bin/unwrapped/win64.o/xelab.exe -wto d24324fc87a449969f3b58b16b3c9ac4 --incr --debug typical --relax --mt 2 -L xil_defaultlib -L unisims_ver -L unimacro_ver -L secureip --snapshot NorSim_behav xil_defaultlib.NorSim xil_defaultlib.glbl -log elaborate.log 
Using 2 slave threads.
Starting static elaboration
Pass Through NonSizing Optimizer
Completed static elaboration
Starting simulation data flow analysis
Completed simulation data flow analysis
Time Resolution for simulation is 1ps
Compiling module xil_defaultlib.NOR
Compiling module xil_defaultlib.NorSim
Compiling module xil_defaultlib.glbl
Built simulation snapshot NorSim_behav

****** Webtalk v2020.1 (64-bit)
  **** SW Build 2902540 on Wed May 27 19:54:49 MDT 2020
  **** IP Build 2902112 on Wed May 27 22:43:36 MDT 2020
    ** Copyright 1986-2020 Xilinx, Inc. All Rights Reserved.

source C:/Users/Eastonco/Documents/EE214/assignment7.2/assignment6.2.sim/sim_1/behav/xsim/xsim.dir/NorSim_behav/webtalk/xsim_webtalk.tcl -notrace
INFO: [Common 17-186] 'C:/Users/Eastonco/Documents/EE214/assignment7.2/assignment6.2.sim/sim_1/behav/xsim/xsim.dir/NorSim_behav/webtalk/usage_statistics_ext_xsim.xml' has been successfully sent to Xilinx on Thu Oct 29 19:11:03 2020. For additional details about this file, please refer to the WebTalk help file at C:/Xilinx/Vivado/2020.1/doc/webtalk_introduction.html.
webtalk_transmit: Time (s): cpu = 00:00:00 ; elapsed = 00:00:09 . Memory (MB): peak = 113.672 ; gain = 17.535
INFO: [Common 17-206] Exiting Webtalk at Thu Oct 29 19:11:03 2020...
run_program: Time (s): cpu = 00:00:02 ; elapsed = 00:00:16 . Memory (MB): peak = 1203.629 ; gain = 0.000
INFO: [USF-XSim-69] 'elaborate' step finished in '15' seconds
INFO: [USF-XSim-4] XSim::Simulate design
INFO: [USF-XSim-61] Executing 'SIMULATE' step in 'C:/Users/Eastonco/Documents/EE214/assignment7.2/assignment6.2.sim/sim_1/behav/xsim'
INFO: [USF-XSim-98] *** Running xsim
   with args "NorSim_behav -key {Behavioral:sim_1:Functional:NorSim} -tclbatch {NorSim.tcl} -log {simulate.log}"
INFO: [USF-XSim-8] Loading simulator feature
Vivado Simulator 2020.1
Time resolution is 1 ps
source NorSim.tcl
# set curr_wave [current_wave_config]
# if { [string length $curr_wave] == 0 } {
#   if { [llength [get_objects]] > 0} {
#     add_wave /
#     set_property needs_save false [current_wave_config]
#   } else {
#      send_msg_id Add_Wave-1 WARNING "No top level signals found. Simulator will start without a wave window. If you want to open a wave window go to 'File->New Waveform Configuration' or type 'create_wave_config' in the TCL console."
#   }
# }
# run 1000ns
$finish called at time : 900 ns : File "C:/Users/Eastonco/Documents/EE214/assignment7.2/assignment6.2.srcs/sim_1/new/NorSim.v" Line 34
xsim: Time (s): cpu = 00:00:10 ; elapsed = 00:00:07 . Memory (MB): peak = 1203.629 ; gain = 0.000
INFO: [USF-XSim-96] XSim completed. Design snapshot 'NorSim_behav' loaded.
INFO: [USF-XSim-97] XSim simulation ran for 1000ns
launch_simulation: Time (s): cpu = 00:00:16 ; elapsed = 00:00:28 . Memory (MB): peak = 1203.629 ; gain = 0.000
close_sim
INFO: [Simtcl 6-16] Simulation closed
close_sim: Time (s): cpu = 00:00:04 ; elapsed = 00:00:14 . Memory (MB): peak = 1203.629 ; gain = 0.000
exit
INFO: [Common 17-206] Exiting Vivado at Thu Oct 29 19:49:28 2020...
