
*** Running vivado
    with args -log wrapper.vds -m64 -product Vivado -mode batch -messageDb vivado.pb -notrace -source wrapper.tcl



****** Vivado v2020.1 (64-bit)
  **** SW Build 2902540 on Wed May 27 19:54:49 MDT 2020
  **** IP Build 2902112 on Wed May 27 22:43:36 MDT 2020
    ** Copyright 1986-2020 Xilinx, Inc. All Rights Reserved.

source wrapper.tcl -notrace
Command: synth_design -top wrapper -part xc7z007sclg400-2
Starting synth_design
Attempting to get a license for feature 'Synthesis' and/or device 'xc7z007s'
INFO: [Common 17-349] Got license for feature 'Synthesis' and/or device 'xc7z007s'
INFO: [Device 21-403] Loading part xc7z007sclg400-2
INFO: [Synth 8-7079] Multithreading enabled for synth_design using a maximum of 2 processes.
INFO: [Synth 8-7078] Launching helper process for spawning children vivado processes
INFO: [Synth 8-7075] Helper process launched with PID 3132
---------------------------------------------------------------------------------
Starting RTL Elaboration : Time (s): cpu = 00:00:07 ; elapsed = 00:00:13 . Memory (MB): peak = 1029.211 ; gain = 0.000
---------------------------------------------------------------------------------
INFO: [Synth 8-6157] synthesizing module 'wrapper' [C:/Users/Eastonco/Documents/EE214/Assignment10/Assignment10.srcs/sources_1/new/wrapper.v:23]
INFO: [Synth 8-155] case statement is not full and has no default [C:/Users/Eastonco/Documents/EE214/Assignment10/Assignment10.srcs/sources_1/new/wrapper.v:38]
INFO: [Synth 8-6157] synthesizing module 'bin2bcd' [C:/Users/Eastonco/Documents/EE214/Assignment10/Assignment10.srcs/sources_1/imports/new/BCD.v:1]
INFO: [Synth 8-6155] done synthesizing module 'bin2bcd' (1#1) [C:/Users/Eastonco/Documents/EE214/Assignment10/Assignment10.srcs/sources_1/imports/new/BCD.v:1]
WARNING: [Synth 8-689] width (16) of port connection 'bin' does not match port width (14) of module 'bin2bcd' [C:/Users/Eastonco/Documents/EE214/Assignment10/Assignment10.srcs/sources_1/new/wrapper.v:50]
INFO: [Synth 8-6157] synthesizing module 'ssegController' [C:/Users/Eastonco/Documents/EE214/Assignment10/Assignment10.srcs/sources_1/imports/new/ssegController.v:23]
INFO: [Synth 8-6157] synthesizing module 'dispClk' [C:/Users/Eastonco/Documents/EE214/Assignment10/Assignment10.srcs/sources_1/imports/new/dispClk.v:1]
INFO: [Synth 8-6155] done synthesizing module 'dispClk' (2#1) [C:/Users/Eastonco/Documents/EE214/Assignment10/Assignment10.srcs/sources_1/imports/new/dispClk.v:1]
INFO: [Synth 8-6157] synthesizing module 'mux' [C:/Users/Eastonco/Documents/EE214/Assignment10/Assignment10.srcs/sources_1/imports/new/mux.v:1]
INFO: [Synth 8-6155] done synthesizing module 'mux' (3#1) [C:/Users/Eastonco/Documents/EE214/Assignment10/Assignment10.srcs/sources_1/imports/new/mux.v:1]
INFO: [Synth 8-6157] synthesizing module 'ssegDecoder' [C:/Users/Eastonco/Documents/EE214/Assignment10/Assignment10.srcs/sources_1/imports/new/ssegDecoder.v:23]
INFO: [Synth 8-6155] done synthesizing module 'ssegDecoder' (4#1) [C:/Users/Eastonco/Documents/EE214/Assignment10/Assignment10.srcs/sources_1/imports/new/ssegDecoder.v:23]
INFO: [Synth 8-6157] synthesizing module 'ssegAnodeDecoder' [C:/Users/Eastonco/Documents/EE214/Assignment10/Assignment10.srcs/sources_1/imports/new/ssegAnodeDecoder.v:23]
INFO: [Synth 8-6155] done synthesizing module 'ssegAnodeDecoder' (5#1) [C:/Users/Eastonco/Documents/EE214/Assignment10/Assignment10.srcs/sources_1/imports/new/ssegAnodeDecoder.v:23]
INFO: [Synth 8-6155] done synthesizing module 'ssegController' (6#1) [C:/Users/Eastonco/Documents/EE214/Assignment10/Assignment10.srcs/sources_1/imports/new/ssegController.v:23]
INFO: [Synth 8-6155] done synthesizing module 'wrapper' (7#1) [C:/Users/Eastonco/Documents/EE214/Assignment10/Assignment10.srcs/sources_1/new/wrapper.v:23]
---------------------------------------------------------------------------------
Finished RTL Elaboration : Time (s): cpu = 00:00:10 ; elapsed = 00:00:19 . Memory (MB): peak = 1029.211 ; gain = 0.000
---------------------------------------------------------------------------------
---------------------------------------------------------------------------------
Start Handling Custom Attributes
---------------------------------------------------------------------------------
---------------------------------------------------------------------------------
Finished Handling Custom Attributes : Time (s): cpu = 00:00:10 ; elapsed = 00:00:20 . Memory (MB): peak = 1029.211 ; gain = 0.000
---------------------------------------------------------------------------------
---------------------------------------------------------------------------------
Finished RTL Optimization Phase 1 : Time (s): cpu = 00:00:10 ; elapsed = 00:00:20 . Memory (MB): peak = 1029.211 ; gain = 0.000
---------------------------------------------------------------------------------
Netlist sorting complete. Time (s): cpu = 00:00:00 ; elapsed = 00:00:00.008 . Memory (MB): peak = 1029.211 ; gain = 0.000
INFO: [Project 1-570] Preparing netlist for logic optimization

Processing XDC Constraints
Initializing timing engine
Parsing XDC File [C:/Users/Eastonco/Documents/EE214/Assignment10/Assignment10.srcs/constrs_1/new/constraints.xdc]
WARNING: [Vivado 12-584] No ports matched 'seg_cat[7]'. [C:/Users/Eastonco/Documents/EE214/Assignment10/Assignment10.srcs/constrs_1/new/constraints.xdc:36]
CRITICAL WARNING: [Common 17-55] 'set_property' expects at least one object. [C:/Users/Eastonco/Documents/EE214/Assignment10/Assignment10.srcs/constrs_1/new/constraints.xdc:36]
Resolution: If [get_<value>] was used to populate the object, check to make sure this command returns at least one valid object.
Finished Parsing XDC File [C:/Users/Eastonco/Documents/EE214/Assignment10/Assignment10.srcs/constrs_1/new/constraints.xdc]
INFO: [Project 1-236] Implementation specific constraints were found while reading constraint file [C:/Users/Eastonco/Documents/EE214/Assignment10/Assignment10.srcs/constrs_1/new/constraints.xdc]. These constraints will be ignored for synthesis but will be used in implementation. Impacted constraints are listed in the file [.Xil/wrapper_propImpl.xdc].
Resolution: To avoid this warning, move constraints listed in [.Xil/wrapper_propImpl.xdc] to another XDC file and exclude this new file from synthesis with the used_in_synthesis property (File Properties dialog in GUI) and re-run elaboration/synthesis.
Completed Processing XDC Constraints

Netlist sorting complete. Time (s): cpu = 00:00:00 ; elapsed = 00:00:00.001 . Memory (MB): peak = 1042.883 ; gain = 0.000
INFO: [Project 1-111] Unisim Transformation Summary:
No Unisim elements were transformed.

Constraint Validation Runtime : Time (s): cpu = 00:00:00 ; elapsed = 00:00:00.022 . Memory (MB): peak = 1042.883 ; gain = 0.000
---------------------------------------------------------------------------------
Finished Constraint Validation : Time (s): cpu = 00:00:20 ; elapsed = 00:00:31 . Memory (MB): peak = 1042.883 ; gain = 13.672
---------------------------------------------------------------------------------
---------------------------------------------------------------------------------
Start Loading Part and Timing Information
---------------------------------------------------------------------------------
Loading part: xc7z007sclg400-2
---------------------------------------------------------------------------------
Finished Loading Part and Timing Information : Time (s): cpu = 00:00:20 ; elapsed = 00:00:31 . Memory (MB): peak = 1042.883 ; gain = 13.672
---------------------------------------------------------------------------------
---------------------------------------------------------------------------------
Start Applying 'set_property' XDC Constraints
---------------------------------------------------------------------------------
---------------------------------------------------------------------------------
Finished applying 'set_property' XDC Constraints : Time (s): cpu = 00:00:20 ; elapsed = 00:00:31 . Memory (MB): peak = 1042.883 ; gain = 13.672
---------------------------------------------------------------------------------
WARNING: [Synth 8-327] inferring latch for variable 'result_reg' [C:/Users/Eastonco/Documents/EE214/Assignment10/Assignment10.srcs/sources_1/new/wrapper.v:39]
---------------------------------------------------------------------------------
Finished RTL Optimization Phase 2 : Time (s): cpu = 00:00:21 ; elapsed = 00:00:32 . Memory (MB): peak = 1042.883 ; gain = 13.672
---------------------------------------------------------------------------------
---------------------------------------------------------------------------------
Start RTL Component Statistics 
---------------------------------------------------------------------------------
Detailed RTL Component Info : 
+---Adders : 
	   3 Input   16 Bit       Adders := 1     
	   2 Input    9 Bit       Adders := 2     
	   2 Input    4 Bit       Adders := 33    
	   2 Input    3 Bit       Adders := 1     
	   2 Input    2 Bit       Adders := 1     
+---XORs : 
	   2 Input     16 Bit         XORs := 1     
+---Registers : 
	                8 Bit    Registers := 2     
	                2 Bit    Registers := 1     
+---Muxes : 
	   2 Input   15 Bit        Muxes := 2     
	   2 Input    4 Bit        Muxes := 24    
	   4 Input    4 Bit        Muxes := 2     
	   7 Input    1 Bit        Muxes := 1     
---------------------------------------------------------------------------------
Finished RTL Component Statistics 
---------------------------------------------------------------------------------
---------------------------------------------------------------------------------
Start Part Resource Summary
---------------------------------------------------------------------------------
Part Resources:
DSPs: 66 (col length:40)
BRAMs: 100 (col length: RAMB18 40 RAMB36 20)
---------------------------------------------------------------------------------
Finished Part Resource Summary
---------------------------------------------------------------------------------
---------------------------------------------------------------------------------
Start Cross Boundary and Area Optimization
---------------------------------------------------------------------------------
---------------------------------------------------------------------------------
Finished Cross Boundary and Area Optimization : Time (s): cpu = 00:00:31 ; elapsed = 00:00:42 . Memory (MB): peak = 1042.883 ; gain = 13.672
---------------------------------------------------------------------------------
---------------------------------------------------------------------------------
Start Applying XDC Timing Constraints
---------------------------------------------------------------------------------
---------------------------------------------------------------------------------
Finished Applying XDC Timing Constraints : Time (s): cpu = 00:00:41 ; elapsed = 00:00:54 . Memory (MB): peak = 1042.883 ; gain = 13.672
---------------------------------------------------------------------------------
---------------------------------------------------------------------------------
Start Timing Optimization
---------------------------------------------------------------------------------
---------------------------------------------------------------------------------
Finished Timing Optimization : Time (s): cpu = 00:00:42 ; elapsed = 00:00:54 . Memory (MB): peak = 1042.883 ; gain = 13.672
---------------------------------------------------------------------------------
---------------------------------------------------------------------------------
Start Technology Mapping
---------------------------------------------------------------------------------
---------------------------------------------------------------------------------
Finished Technology Mapping : Time (s): cpu = 00:00:42 ; elapsed = 00:00:54 . Memory (MB): peak = 1046.391 ; gain = 17.180
---------------------------------------------------------------------------------
---------------------------------------------------------------------------------
Start IO Insertion
---------------------------------------------------------------------------------
---------------------------------------------------------------------------------
Start Flattening Before IO Insertion
---------------------------------------------------------------------------------
---------------------------------------------------------------------------------
Finished Flattening Before IO Insertion
---------------------------------------------------------------------------------
---------------------------------------------------------------------------------
Start Final Netlist Cleanup
---------------------------------------------------------------------------------
---------------------------------------------------------------------------------
Finished Final Netlist Cleanup
---------------------------------------------------------------------------------
---------------------------------------------------------------------------------
Finished IO Insertion : Time (s): cpu = 00:00:50 ; elapsed = 00:01:03 . Memory (MB): peak = 1052.180 ; gain = 22.969
---------------------------------------------------------------------------------
---------------------------------------------------------------------------------
Start Renaming Generated Instances
---------------------------------------------------------------------------------
---------------------------------------------------------------------------------
Finished Renaming Generated Instances : Time (s): cpu = 00:00:50 ; elapsed = 00:01:03 . Memory (MB): peak = 1052.180 ; gain = 22.969
---------------------------------------------------------------------------------
---------------------------------------------------------------------------------
Start Rebuilding User Hierarchy
---------------------------------------------------------------------------------
---------------------------------------------------------------------------------
Finished Rebuilding User Hierarchy : Time (s): cpu = 00:00:50 ; elapsed = 00:01:03 . Memory (MB): peak = 1052.180 ; gain = 22.969
---------------------------------------------------------------------------------
---------------------------------------------------------------------------------
Start Renaming Generated Ports
---------------------------------------------------------------------------------
---------------------------------------------------------------------------------
Finished Renaming Generated Ports : Time (s): cpu = 00:00:50 ; elapsed = 00:01:03 . Memory (MB): peak = 1052.180 ; gain = 22.969
---------------------------------------------------------------------------------
---------------------------------------------------------------------------------
Start Handling Custom Attributes
---------------------------------------------------------------------------------
---------------------------------------------------------------------------------
Finished Handling Custom Attributes : Time (s): cpu = 00:00:50 ; elapsed = 00:01:03 . Memory (MB): peak = 1052.180 ; gain = 22.969
---------------------------------------------------------------------------------
---------------------------------------------------------------------------------
Start Renaming Generated Nets
---------------------------------------------------------------------------------
---------------------------------------------------------------------------------
Finished Renaming Generated Nets : Time (s): cpu = 00:00:50 ; elapsed = 00:01:03 . Memory (MB): peak = 1052.180 ; gain = 22.969
---------------------------------------------------------------------------------
---------------------------------------------------------------------------------
Start Writing Synthesis Report
---------------------------------------------------------------------------------

Report BlackBoxes: 
+-+--------------+----------+
| |BlackBox name |Instances |
+-+--------------+----------+
+-+--------------+----------+

Report Cell Usage: 
+------+-------+------+
|      |Cell   |Count |
+------+-------+------+
|1     |BUFG   |     1|
|2     |CARRY4 |    11|
|3     |LUT1   |     2|
|4     |LUT2   |    26|
|5     |LUT3   |     5|
|6     |LUT4   |     9|
|7     |LUT5   |    14|
|8     |LUT6   |    29|
|9     |FDRE   |    35|
|10    |LD     |    10|
|11    |IBUF   |    14|
|12    |OBUF   |    11|
+------+-------+------+
---------------------------------------------------------------------------------
Finished Writing Synthesis Report : Time (s): cpu = 00:00:50 ; elapsed = 00:01:03 . Memory (MB): peak = 1052.180 ; gain = 22.969
---------------------------------------------------------------------------------
Synthesis finished with 0 errors, 0 critical warnings and 1 warnings.
Synthesis Optimization Runtime : Time (s): cpu = 00:00:37 ; elapsed = 00:00:59 . Memory (MB): peak = 1052.180 ; gain = 9.297
Synthesis Optimization Complete : Time (s): cpu = 00:00:51 ; elapsed = 00:01:03 . Memory (MB): peak = 1052.180 ; gain = 22.969
INFO: [Project 1-571] Translating synthesized netlist
Netlist sorting complete. Time (s): cpu = 00:00:00 ; elapsed = 00:00:00.002 . Memory (MB): peak = 1063.492 ; gain = 0.000
INFO: [Netlist 29-17] Analyzing 21 Unisim elements for replacement
INFO: [Netlist 29-28] Unisim Transformation completed in 0 CPU seconds
INFO: [Project 1-570] Preparing netlist for logic optimization
INFO: [Opt 31-138] Pushed 0 inverter(s) to 0 load pin(s).
Netlist sorting complete. Time (s): cpu = 00:00:00 ; elapsed = 00:00:00.001 . Memory (MB): peak = 1066.375 ; gain = 0.000
INFO: [Project 1-111] Unisim Transformation Summary:
  A total of 10 instances were transformed.
  LD => LDCE: 10 instances

INFO: [Common 17-83] Releasing license: Synthesis
30 Infos, 3 Warnings, 1 Critical Warnings and 0 Errors encountered.
synth_design completed successfully
synth_design: Time (s): cpu = 00:00:59 ; elapsed = 00:01:29 . Memory (MB): peak = 1066.375 ; gain = 37.164
INFO: [Common 17-1381] The checkpoint 'C:/Users/Eastonco/Documents/EE214/Assignment10/Assignment10.runs/synth_1/wrapper.dcp' has been generated.
INFO: [runtcl-4] Executing : report_utilization -file wrapper_utilization_synth.rpt -pb wrapper_utilization_synth.pb
INFO: [Common 17-206] Exiting Vivado at Fri Dec  4 20:23:22 2020...
