#-----------------------------------------------------------
# Vivado v2020.1 (64-bit)
# SW Build 2902540 on Wed May 27 19:54:49 MDT 2020
# IP Build 2902112 on Wed May 27 22:43:36 MDT 2020
# Start of session at: Thu Oct 29 19:04:04 2020
# Process ID: 4564
# Current directory: C:/Users/Eastonco/Documents/EE214/assignment7.1
# Command line: vivado.exe -gui_launcher_event rodinguilauncherevent6648 C:\Users\Eastonco\Documents\EE214\assignment7.1\assignment6.1.xpr
# Log file: C:/Users/Eastonco/Documents/EE214/assignment7.1/vivado.log
# Journal file: C:/Users/Eastonco/Documents/EE214/assignment7.1\vivado.jou
#-----------------------------------------------------------
start_gui
open_project C:/Users/Eastonco/Documents/EE214/assignment7.1/assignment6.1.xpr
INFO: [Project 1-313] Project file moved from 'C:/Users/Eastonco/Documents/EE214/assignment6.1' since last save.
Scanning sources...
Finished scanning sources
INFO: [IP_Flow 19-234] Refreshing IP repositories
INFO: [IP_Flow 19-1704] No user IP repositories specified
INFO: [IP_Flow 19-2313] Loaded Vivado IP repository 'C:/Xilinx/Vivado/2020.1/data/ip'.
open_project: Time (s): cpu = 00:00:12 ; elapsed = 00:00:09 . Memory (MB): peak = 1011.859 ; gain = 0.000
update_compile_order -fileset sources_1
exit
INFO: [Common 17-206] Exiting Vivado at Thu Oct 29 19:09:16 2020...
