#-----------------------------------------------------------
# Vivado v2020.1 (64-bit)
# SW Build 2902540 on Wed May 27 19:54:49 MDT 2020
# IP Build 2902112 on Wed May 27 22:43:36 MDT 2020
# Start of session at: Thu Oct 29 21:59:10 2020
# Process ID: 6280
# Current directory: C:/Users/Eastonco/Documents/EE214/assignment7.4
# Command line: vivado.exe -gui_launcher_event rodinguilauncherevent4792 C:\Users\Eastonco\Documents\EE214\assignment7.4\project_1.xpr
# Log file: C:/Users/Eastonco/Documents/EE214/assignment7.4/vivado.log
# Journal file: C:/Users/Eastonco/Documents/EE214/assignment7.4\vivado.jou
#-----------------------------------------------------------
start_gui
open_project C:/Users/Eastonco/Documents/EE214/assignment7.4/project_1.xpr
Scanning sources...
Finished scanning sources
INFO: [IP_Flow 19-234] Refreshing IP repositories
INFO: [IP_Flow 19-1704] No user IP repositories specified
INFO: [IP_Flow 19-2313] Loaded Vivado IP repository 'C:/Xilinx/Vivado/2020.1/data/ip'.
open_project: Time (s): cpu = 00:00:36 ; elapsed = 00:00:38 . Memory (MB): peak = 1240.902 ; gain = 0.000
update_compile_order -fileset sources_1
exit
INFO: [Common 17-206] Exiting Vivado at Thu Oct 29 22:01:36 2020...
n = 0.000
update_compile_order -fileset sources_1
move_files [get_files  C:/Users/Eastonco/Documents/EE214/assignment7.4/project_1.srcs/sim_1/new/dflip.v]
update_compile_order -fileset sources_1
reset_run synth_1
WARNING: [Vivado 12-1017] Problems encountered:
1. Failed to delete one or more files in run directory C:/Users/Eastonco/Documents/EE214/assignment7.4/project_1.runs/synth_1

launch_runs impl_1 -to_step write_bitstream
[Thu Oct 29 22:01:04 2020] Launched synth_1...
Run output will be captured here: C:/Users/Eastonco/Documents/EE214/assignment7.4/project_1.runs/synth_1/runme.log
[Thu Oct 29 22:01:04 2020] Launched impl_1...
Run output will be captured here: C:/Users/Eastonco/Documents/EE214/assignment7.4/project_1.runs/impl_1/runme.log
reset_run synth_1
launch_runs synth_1
[Thu Oct 29 22:05:43 2020] Launched synth_1...
Run output will be captured here: C:/Users/Eastonco/Documents/EE214/assignment7.4/project_1.runs/synth_1/runme.log
reset_run synth_1
launch_runs synth_1
[Thu Oct 29 22:07:06 2020] Launched synth_1...
Run output will be captured here: C:/Users/Eastonco/Documents/EE214/assignment7.4/project_1.runs/synth_1/runme.log
launch_runs impl_1 -to_step write_bitstream
[Thu Oct 29 22:08:36 2020] Launched impl_1...
Run output will be captured here: C:/Users/Eastonco/Documents/EE214/assignment7.4/project_1.runs/impl_1/runme.log
reset_run synth_1
launch_runs impl_1
[Thu Oct 29 22:10:32 2020] Launched synth_1...
Run output will be captured here: C:/Users/Eastonco/Documents/EE214/assignment7.4/project_1.runs/synth_1/runme.log
[Thu Oct 29 22:10:32 2020] Launched impl_1...
Run output will be captured here: C:/Users/Eastonco/Documents/EE214/assignment7.4/project_1.runs/impl_1/runme.log
reset_run synth_1
launch_runs impl_1
[Thu Oct 29 22:13:53 2020] Launched synth_1...
Run output will be captured here: C:/Users/Eastonco/Documents/EE214/assignment7.4/project_1.runs/synth_1/runme.log
[Thu Oct 29 22:13:53 2020] Launched impl_1...
Run output will be captured here: C:/Users/Eastonco/Documents/EE214/assignment7.4/project_1.runs/impl_1/runme.log
launch_runs impl_1 -to_step write_bitstream
[Thu Oct 29 22:16:33 2020] Launched impl_1...
Run output will be captured here: C:/Users/Eastonco/Documents/EE214/assignment7.4/project_1.runs/impl_1/runme.log
reset_run synth_1
launch_runs impl_1 -to_step write_bitstream
[Thu Oct 29 22:18:26 2020] Launched synth_1...
Run output will be captured here: C:/Users/Eastonco/Documents/EE214/assignment7.4/project_1.runs/synth_1/runme.log
[Thu Oct 29 22:18:26 2020] Launched impl_1...
Run output will be captured here: C:/Users/Eastonco/Documents/EE214/assignment7.4/project_1.runs/impl_1/runme.log
open_hw_manager
connect_hw_server -allow_non_jtag
INFO: [Labtools 27-2285] Connecting to hw_server url TCP:localhost:3121
INFO: [Labtools 27-2222] Launching hw_server...
INFO: [Labtools 27-2221] Launch Output:

****** Xilinx hw_server v2020.1
  **** Build date : May 27 2020 at 20:24:38
    ** Copyright 1986-2020 Xilinx, Inc. All Rights Reserved.


INFO: [Labtools 27-3415] Connecting to cs_server url TCP:localhost:3042
INFO: [Labtools 27-3417] Launching cs_server...
INFO: [Labtools 27-2221] Launch Output:


****** Xilinx cs_server v2020.1.0
  **** Build date : May 13 2020-18:10:29
    ** Copyright 2017-2020 Xilinx, Inc. All Rights Reserved.



connect_hw_server: Time (s): cpu = 00:00:01 ; elapsed = 00:00:18 . Memory (MB): peak = 1734.051 ; gain = 0.000
open_hw_target
INFO: [Labtoolstcl 44-466] Opening hw_target localhost:3121/xilinx_tcf/Xilinx/887200000091A
open_hw_target: Time (s): cpu = 00:00:07 ; elapsed = 00:00:17 . Memory (MB): peak = 2322.168 ; gain = 588.117
set_property PROGRAM.FILE {C:/Users/Eastonco/Documents/EE214/assignment7.4/project_1.runs/impl_1/PIPO.bit} [get_hw_devices xc7z007s_1]
current_hw_device [get_hw_devices xc7z007s_1]
refresh_hw_device -update_hw_probes false [lindex [get_hw_devices xc7z007s_1] 0]
INFO: [Labtools 27-2302] Device xc7z007s (JTAG device index = 1) is programmed with a design that has 1 ILA core(s).
refresh_hw_device: Time (s): cpu = 00:00:06 ; elapsed = 00:00:05 . Memory (MB): peak = 2371.281 ; gain = 44.816
set_property PROBES.FILE {} [get_hw_devices xc7z007s_1]
set_property FULL_PROBES.FILE {} [get_hw_devices xc7z007s_1]
set_property PROGRAM.FILE {C:/Users/Eastonco/Documents/EE214/assignment7.4/project_1.runs/impl_1/PIPO.bit} [get_hw_devices xc7z007s_1]
program_hw_devices [get_hw_devices xc7z007s_1]
INFO: [Labtools 27-3164] End of startup status: HIGH
refresh_hw_device [lindex [get_hw_devices xc7z007s_1] 0]
INFO: [Labtools 27-1434] Device xc7z007s (JTAG device index = 1) is programmed with a design that has no supported debug core(s) in it.
ERROR: [Labtoolstcl 44-513] HW Target shutdown. Closing target: localhost:3121/xilinx_tcf/Xilinx/887200000091A
exit
INFO: [Common 17-206] Exiting Vivado at Fri Oct 30 11:14:15 2020...
